# JRE version: OpenJDK Runtime Environment Temurin-21.0.10+7 (21.0.10+7) (build 21.0.10+7-LTS)
# Java VM: OpenJDK 64-Bit Server VM Temurin-21.0.10+7 (21.0.10+7-LTS, mixed mode, sharing, tiered, compressed oops, compressed class ptrs, parallel gc, bsd-amd64)
GC Precious Log:
 CardTable entry size: 512
 CPUs: 4 total, 4 available
 Memory: 8192M
 Large Page Support: Disabled
 NUMA Support: Disabled
 Compressed Oops: Enabled (Zero based)
 Alignments: Space 512K, Generation 512K, Heap 2M
 Heap Min Capacity: 100M
 Heap Initial Capacity: 100M
 Heap Max Capacity: 2G
 Pre-touch: Disabled
 Parallel Workers: 4
Heap:
 PSYoungGen      total 11264K, used 6895K [0x00000007d5580000, 0x00000007d6280000, 0x0000000800000000)
  eden space 10240K, 66% used [0x00000007d5580000,0x00000007d5c1bd68,0x00000007d5f80000)
  from space 1024K, 12% used [0x00000007d6080000,0x00000007d60a0000,0x00000007d6180000)
  to   space 512K, 0% used [0x00000007d6200000,0x00000007d6200000,0x00000007d6280000)
 ParOldGen       total 1166336K, used 292929K [0x0000000780000000, 0x00000007c7300000, 0x00000007d5580000)
  object space 1166336K, 25% used [0x0000000780000000,0x0000000791e10760,0x00000007c7300000)
 Metaspace       used 84357K, committed 86272K, reserved 1179648K
  class space    used 8447K, committed 9344K, reserved 1048576K
GC Heap History (20 events):
Event: 4037.427 GC heap before
{Heap before GC invocations=1317 (full 5):
 PSYoungGen      total 13312K, used 12541K [0x00000007d5580000, 0x00000007d6500000, 0x0000000800000000)
  eden space 10240K, 100% used [0x00000007d5580000,0x00000007d5f80000,0x00000007d5f80000)
  from space 3072K, 74% used [0x00000007d5f80000,0x00000007d61bf520,0x00000007d6280000)
  to   space 2560K, 0% used [0x00000007d6280000,0x00000007d6280000,0x00000007d6500000)
 ParOldGen       total 1166336K, used 285483K [0x0000000780000000, 0x00000007c7300000, 0x00000007d5580000)
  object space 1166336K, 24% used [0x0000000780000000,0x00000007916cad58,0x00000007c7300000)
 Metaspace       used 84132K, committed 86080K, reserved 1179648K
  class space    used 8421K, committed 9280K, reserved 1048576K
}
Event: 4037.445 GC heap after
{Heap after GC invocations=1317 (full 5):
 PSYoungGen      total 11264K, used 640K [0x00000007d5580000, 0x00000007d6380000, 0x0000000800000000)
  eden space 10240K, 0% used [0x00000007d5580000,0x00000007d5580000,0x00000007d5f80000)
  from space 1024K, 62% used [0x00000007d6280000,0x00000007d6320000,0x00000007d6380000)
  to   space 1536K, 0% used [0x00000007d6080000,0x00000007d6080000,0x00000007d6200000)
 ParOldGen       total 1166336K, used 287426K [0x0000000780000000, 0x00000007c7300000, 0x00000007d5580000)
  object space 1166336K, 24% used [0x0000000780000000,0x00000007918b0998,0x00000007c7300000)
 Metaspace       used 84132K, committed 86080K, reserved 1179648K
  class space    used 8421K, committed 9280K, reserved 1048576K
}
Event: 4037.645 GC heap before
{Heap before GC invocations=1318 (full 5):
 PSYoungGen      total 11264K, used 10879K [0x00000007d5580000, 0x00000007d6380000, 0x0000000800000000)
  eden space 10240K, 99% used [0x00000007d5580000,0x00000007d5f7fff0,0x00000007d5f80000)
  from space 1024K, 62% used [0x00000007d6280000,0x00000007d6320000,0x00000007d6380000)
  to   space 1536K, 0% used [0x00000007d6080000,0x00000007d6080000,0x00000007d6200000)
 ParOldGen       total 1166336K, used 287426K [0x0000000780000000, 0x00000007c7300000, 0x00000007d5580000)
  object space 1166336K, 24% used [0x0000000780000000,0x00000007918b0998,0x00000007c7300000)
 Metaspace       used 84134K, committed 86080K, reserved 1179648K
  class space    used 8421K, committed 9280K, reserved 1048576K
}
Event: 4037.647 GC heap after
{Heap after GC invocations=1318 (full 5):
 PSYoungGen      total 11776K, used 1327K [0x00000007d5580000, 0x00000007d6300000, 0x0000000800000000)
  eden space 10240K, 0% used [0x00000007d5580000,0x00000007d5580000,0x00000007d5f80000)
  from space 1536K, 86% used [0x00000007d6080000,0x00000007d61cbd78,0x00000007d6200000)
  to   space 1024K, 0% used [0x00000007d6200000,0x00000007d6200000,0x00000007d6300000)
 ParOldGen       total 1166336K, used 287503K [0x0000000780000000, 0x00000007c7300000, 0x00000007d5580000)
  object space 1166336K, 24% used [0x0000000780000000,0x00000007918c3db8,0x00000007c7300000)
 Metaspace       used 84134K, committed 86080K, reserved 1179648K
  class space    used 8421K, committed 9280K, reserved 1048576K
}
Event: 4037.758 GC heap before
{Heap before GC invocations=1319 (full 5):
 PSYoungGen      total 11776K, used 11567K [0x00000007d5580000, 0x00000007d6300000, 0x0000000800000000)
  eden space 10240K, 100% used [0x00000007d5580000,0x00000007d5f80000,0x00000007d5f80000)
  from space 1536K, 86% used [0x00000007d6080000,0x00000007d61cbd78,0x00000007d6200000)
  to   space 1024K, 0% used [0x00000007d6200000,0x00000007d6200000,0x00000007d6300000)
 ParOldGen       total 1166336K, used 287503K [0x0000000780000000, 0x00000007c7300000, 0x00000007d5580000)
  object space 1166336K, 24% used [0x0000000780000000,0x00000007918c3db8,0x00000007c7300000)
 Metaspace       used 84136K, committed 86080K, reserved 1179648K
  class space    used 8421K, committed 9280K, reserved 1048576K
}
Event: 4037.777 GC heap after
{Heap after GC invocations=1319 (full 5):
 PSYoungGen      total 11264K, used 1024K [0x00000007d5580000, 0x00000007d6480000, 0x0000000800000000)
  eden space 10240K, 0% used [0x00000007d5580000,0x00000007d5580000,0x00000007d5f80000)
  from space 1024K, 100% used [0x00000007d6200000,0x00000007d6300000,0x00000007d6300000)
  to   space 2560K, 0% used [0x00000007d5f80000,0x00000007d5f80000,0x00000007d6200000)
 ParOldGen       total 1166336K, used 288770K [0x0000000780000000, 0x00000007c7300000, 0x00000007d5580000)
  object space 1166336K, 24% used [0x0000000780000000,0x0000000791a008d0,0x00000007c7300000)
 Metaspace       used 84136K, committed 86080K, reserved 1179648K
  class space    used 8421K, committed 9280K, reserved 1048576K
}
Event: 4037.982 GC heap before
{Heap before GC invocations=1320 (full 5):
 PSYoungGen      total 11264K, used 11264K [0x00000007d5580000, 0x00000007d6480000, 0x0000000800000000)
  eden space 10240K, 100% used [0x00000007d5580000,0x00000007d5f80000,0x00000007d5f80000)
  from space 1024K, 100% used [0x00000007d6200000,0x00000007d6300000,0x00000007d6300000)
  to   space 2560K, 0% used [0x00000007d5f80000,0x00000007d5f80000,0x00000007d6200000)
 ParOldGen       total 1166336K, used 288770K [0x0000000780000000, 0x00000007c7300000, 0x00000007d5580000)
  object space 1166336K, 24% used [0x0000000780000000,0x0000000791a008d0,0x00000007c7300000)
 Metaspace       used 84136K, committed 86080K, reserved 1179648K
  class space    used 8421K, committed 9280K, reserved 1048576K
}
Event: 4037.996 GC heap after
{Heap after GC invocations=1320 (full 5):
 PSYoungGen      total 11264K, used 1007K [0x00000007d5580000, 0x00000007d6280000, 0x0000000800000000)
  eden space 10240K, 0% used [0x00000007d5580000,0x00000007d5580000,0x00000007d5f80000)
  from space 1024K, 98% used [0x00000007d5f80000,0x00000007d607bd98,0x00000007d6080000)
  to   space 1536K, 0% used [0x00000007d6100000,0x00000007d6100000,0x00000007d6280000)
 ParOldGen       total 1166336K, used 289443K [0x0000000780000000, 0x00000007c7300000, 0x00000007d5580000)
  object space 1166336K, 24% used [0x0000000780000000,0x0000000791aa8e98,0x00000007c7300000)
 Metaspace       used 84136K, committed 86080K, reserved 1179648K
  class space    used 8421K, committed 9280K, reserved 1048576K
}
Event: 4038.244 GC heap before
{Heap before GC invocations=1321 (full 5):
 PSYoungGen      total 11264K, used 11247K [0x00000007d5580000, 0x00000007d6280000, 0x0000000800000000)
  eden space 10240K, 100% used [0x00000007d5580000,0x00000007d5f80000,0x00000007d5f80000)
  from space 1024K, 98% used [0x00000007d5f80000,0x00000007d607bd98,0x00000007d6080000)
  to   space 1536K, 0% used [0x00000007d6100000,0x00000007d6100000,0x00000007d6280000)
 ParOldGen       total 1166336K, used 289443K [0x0000000780000000, 0x00000007c7300000, 0x00000007d5580000)
  object space 1166336K, 24% used [0x0000000780000000,0x0000000791aa8e98,0x00000007c7300000)
 Metaspace       used 84137K, committed 86080K, reserved 1179648K
  class space    used 8421K, committed 9280K, reserved 1048576K
}
Event: 4038.257 GC heap after
{Heap after GC invocations=1321 (full 5):
 PSYoungGen      total 10752K, used 224K [0x00000007d5580000, 0x00000007d6180000, 0x0000000800000000)
  eden space 10240K, 0% used [0x00000007d5580000,0x00000007d5580000,0x00000007d5f80000)
  from space 512K, 43% used [0x00000007d6100000,0x00000007d6138000,0x00000007d6180000)
  to   space 1024K, 0% used [0x00000007d5f80000,0x00000007d5f80000,0x00000007d6080000)
 ParOldGen       total 1166336K, used 289760K [0x0000000780000000, 0x00000007c7300000, 0x00000007d5580000)
  object space 1166336K, 24% used [0x0000000780000000,0x0000000791af83d8,0x00000007c7300000)
 Metaspace       used 84137K, committed 86080K, reserved 1179648K
  class space    used 8421K, committed 9280K, reserved 1048576K
}
Event: 4038.534 GC heap before
{Heap before GC invocations=1322 (full 5):
 PSYoungGen      total 10752K, used 10464K [0x00000007d5580000, 0x00000007d6180000, 0x0000000800000000)
  eden space 10240K, 100% used [0x00000007d5580000,0x00000007d5f80000,0x00000007d5f80000)
  from space 512K, 43% used [0x00000007d6100000,0x00000007d6138000,0x00000007d6180000)
  to   space 1024K, 0% used [0x00000007d5f80000,0x00000007d5f80000,0x00000007d6080000)
 ParOldGen       total 1166336K, used 289760K [0x0000000780000000, 0x00000007c7300000, 0x00000007d5580000)
  object space 1166336K, 24% used [0x0000000780000000,0x0000000791af83d8,0x00000007c7300000)
 Metaspace       used 84143K, committed 86080K, reserved 1179648K
  class space    used 8421K, committed 9280K, reserved 1048576K
}
Event: 4038.565 GC heap after
{Heap after GC invocations=1322 (full 5):
 PSYoungGen      total 11264K, used 1007K [0x00000007d5580000, 0x00000007d6280000, 0x0000000800000000)
  eden space 10240K, 0% used [0x00000007d5580000,0x00000007d5580000,0x00000007d5f80000)
  from space 1024K, 98% used [0x00000007d5f80000,0x00000007d607bd78,0x00000007d6080000)
  to   space 1536K, 0% used [0x00000007d6100000,0x00000007d6100000,0x00000007d6280000)
 ParOldGen       total 1166336K, used 289938K [0x0000000780000000, 0x00000007c7300000, 0x00000007d5580000)
  object space 1166336K, 24% used [0x0000000780000000,0x0000000791b24a18,0x00000007c7300000)
 Metaspace       used 84143K, committed 86080K, reserved 1179648K
  class space    used 8421K, committed 9280K, reserved 1048576K
}
Event: 4038.956 GC heap before
{Heap before GC invocations=1323 (full 5):
 PSYoungGen      total 11264K, used 11247K [0x00000007d5580000, 0x00000007d6280000, 0x0000000800000000)
  eden space 10240K, 100% used [0x00000007d5580000,0x00000007d5f80000,0x00000007d5f80000)
  from space 1024K, 98% used [0x00000007d5f80000,0x00000007d607bd78,0x00000007d6080000)
  to   space 1536K, 0% used [0x00000007d6100000,0x00000007d6100000,0x00000007d6280000)
 ParOldGen       total 1166336K, used 289938K [0x0000000780000000, 0x00000007c7300000, 0x00000007d5580000)
  object space 1166336K, 24% used [0x0000000780000000,0x0000000791b24a18,0x00000007c7300000)
 Metaspace       used 84144K, committed 86080K, reserved 1179648K
  class space    used 8421K, committed 9280K, reserved 1048576K
}
Event: 4038.957 GC heap after
{Heap after GC invocations=1323 (full 5):
 PSYoungGen      total 10752K, used 384K [0x00000007d5580000, 0x00000007d6180000, 0x0000000800000000)
  eden space 10240K, 0% used [0x00000007d5580000,0x00000007d5580000,0x00000007d5f80000)
  from space 512K, 75% used [0x00000007d6100000,0x00000007d6160000,0x00000007d6180000)
  to   space 1024K, 0% used [0x00000007d5f80000,0x00000007d5f80000,0x00000007d6080000)
 ParOldGen       total 1166336K, used 290705K [0x0000000780000000, 0x00000007c7300000, 0x00000007d5580000)
  object space 1166336K, 24% used [0x0000000780000000,0x0000000791be46e0,0x00000007c7300000)
 Metaspace       used 84144K, committed 86080K, reserved 1179648K
  class space    used 8421K, committed 9280K, reserved 1048576K
}
Event: 4039.025 GC heap before
{Heap before GC invocations=1324 (full 5):
 PSYoungGen      total 10752K, used 10624K [0x00000007d5580000, 0x00000007d6180000, 0x0000000800000000)
  eden space 10240K, 100% used [0x00000007d5580000,0x00000007d5f80000,0x00000007d5f80000)
  from space 512K, 75% used [0x00000007d6100000,0x00000007d6160000,0x00000007d6180000)
  to   space 1024K, 0% used [0x00000007d5f80000,0x00000007d5f80000,0x00000007d6080000)
 ParOldGen       total 1166336K, used 290705K [0x0000000780000000, 0x00000007c7300000, 0x00000007d5580000)
  object space 1166336K, 24% used [0x0000000780000000,0x0000000791be46e0,0x00000007c7300000)
 Metaspace       used 84155K, committed 86080K, reserved 1179648K
  class space    used 8421K, committed 9280K, reserved 1048576K
}
Event: 4039.028 GC heap after
{Heap after GC invocations=1324 (full 5):
 PSYoungGen      total 11264K, used 992K [0x00000007d5580000, 0x00000007d6480000, 0x0000000800000000)
  eden space 10240K, 0% used [0x00000007d5580000,0x00000007d5580000,0x00000007d5f80000)
  from space 1024K, 96% used [0x00000007d5f80000,0x00000007d6078020,0x00000007d6080000)
  to   space 2560K, 0% used [0x00000007d6200000,0x00000007d6200000,0x00000007d6480000)
 ParOldGen       total 1166336K, used 291561K [0x0000000780000000, 0x00000007c7300000, 0x00000007d5580000)
  object space 1166336K, 24% used [0x0000000780000000,0x0000000791cba720,0x00000007c7300000)
 Metaspace       used 84155K, committed 86080K, reserved 1179648K
  class space    used 8421K, committed 9280K, reserved 1048576K
}
Event: 31513.841 GC heap before
{Heap before GC invocations=1325 (full 5):
 PSYoungGen      total 11264K, used 11231K [0x00000007d5580000, 0x00000007d6480000, 0x0000000800000000)
  eden space 10240K, 99% used [0x00000007d5580000,0x00000007d5f7ffb8,0x00000007d5f80000)
  from space 1024K, 96% used [0x00000007d5f80000,0x00000007d6078020,0x00000007d6080000)
  to   space 2560K, 0% used [0x00000007d6200000,0x00000007d6200000,0x00000007d6480000)
 ParOldGen       total 1166336K, used 291561K [0x0000000780000000, 0x00000007c7300000, 0x00000007d5580000)
  object space 1166336K, 24% used [0x0000000780000000,0x0000000791cba720,0x00000007c7300000)
 Metaspace       used 84225K, committed 86080K, reserved 1179648K
  class space    used 8428K, committed 9280K, reserved 1048576K
}
Event: 31514.097 GC heap after
{Heap after GC invocations=1325 (full 5):
 PSYoungGen      total 10752K, used 480K [0x00000007d5580000, 0x00000007d6280000, 0x0000000800000000)
  eden space 10240K, 0% used [0x00000007d5580000,0x00000007d5580000,0x00000007d5f80000)
  from space 512K, 93% used [0x00000007d6200000,0x00000007d6278000,0x00000007d6280000)
  to   space 1024K, 0% used [0x00000007d6080000,0x00000007d6080000,0x00000007d6180000)
 ParOldGen       total 1166336K, used 292496K [0x0000000780000000, 0x00000007c7300000, 0x00000007d5580000)
  object space 1166336K, 25% used [0x0000000780000000,0x0000000791da4370,0x00000007c7300000)
 Metaspace       used 84225K, committed 86080K, reserved 1179648K
  class space    used 8428K, committed 9280K, reserved 1048576K
}
Event: 31514.363 GC heap before
{Heap before GC invocations=1326 (full 5):
 PSYoungGen      total 10752K, used 10717K [0x00000007d5580000, 0x00000007d6280000, 0x0000000800000000)
  eden space 10240K, 99% used [0x00000007d5580000,0x00000007d5f7f5c0,0x00000007d5f80000)
  from space 512K, 93% used [0x00000007d6200000,0x00000007d6278000,0x00000007d6280000)
  to   space 1024K, 0% used [0x00000007d6080000,0x00000007d6080000,0x00000007d6180000)
 ParOldGen       total 1166336K, used 292496K [0x0000000780000000, 0x00000007c7300000, 0x00000007d5580000)
  object space 1166336K, 25% used [0x0000000780000000,0x0000000791da4370,0x00000007c7300000)
 Metaspace       used 84225K, committed 86080K, reserved 1179648K
  class space    used 8428K, committed 9280K, reserved 1048576K
}
Event: 31514.368 GC heap after
{Heap after GC invocations=1326 (full 5):
 PSYoungGen      total 11264K, used 128K [0x00000007d5580000, 0x00000007d6280000, 0x0000000800000000)
  eden space 10240K, 0% used [0x00000007d5580000,0x00000007d5580000,0x00000007d5f80000)
  from space 1024K, 12% used [0x00000007d6080000,0x00000007d60a0000,0x00000007d6180000)
  to   space 512K, 0% used [0x00000007d6200000,0x00000007d6200000,0x00000007d6280000)
 ParOldGen       total 1166336K, used 292929K [0x0000000780000000, 0x00000007c7300000, 0x00000007d5580000)
  object space 1166336K, 25% used [0x0000000780000000,0x0000000791e10760,0x00000007c7300000)
 Metaspace       used 84225K, committed 86080K, reserved 1179648K
  class space    used 8428K, committed 9280K, reserved 1048576K
}

